c:\users\simone\desktop\prova1\questao_4\debug\cg_ufpel.lib
c:\users\simone\desktop\prova1\questao_4\debug\cg_ufpel.exp
c:\users\simone\desktop\prova1\questao_4\cg_ufpel.dir\debug\vc140.pdb
c:\users\simone\desktop\prova1\questao_4\cg_ufpel.dir\debug\glerror.obj
c:\users\simone\desktop\prova1\questao_4\cg_ufpel.dir\debug\vboindexer.obj
c:\users\simone\desktop\prova1\questao_4\cg_ufpel.dir\debug\texture.obj
c:\users\simone\desktop\prova1\questao_4\cg_ufpel.dir\debug\text2d.obj
c:\users\simone\desktop\prova1\questao_4\cg_ufpel.dir\debug\tangentspace.obj
c:\users\simone\desktop\prova1\questao_4\cg_ufpel.dir\debug\shader.obj
c:\users\simone\desktop\prova1\questao_4\cg_ufpel.dir\debug\quaternion_utils.obj
c:\users\simone\desktop\prova1\questao_4\cg_ufpel.dir\debug\objloader.obj
c:\users\simone\desktop\prova1\questao_4\cg_ufpel.dir\debug\main.obj
c:\users\simone\desktop\prova1\questao_4\cg_ufpel.dir\debug\controls.obj
c:\users\simone\desktop\prova1\questao_4\cmakefiles\generate.stamp
c:\users\simone\desktop\prova1\questao_4\debug\cg_ufpel.ilk
c:\users\simone\desktop\prova1\questao_4\debug\cg_ufpel.exe
c:\users\simone\desktop\prova1\questao_4\debug\cg_ufpel.pdb
c:\users\simone\desktop\prova1\questao_4\cg_ufpel.dir\debug\cg_ufpel.vcxprojresolveassemblyreference.cache
c:\users\simone\desktop\prova1\questao_4\cg_ufpel.dir\debug\cg_ufpel.tlog\cg_ufpel.write.1u.tlog
c:\users\simone\desktop\prova1\questao_4\cg_ufpel.dir\debug\cg_ufpel.tlog\cl.command.1.tlog
c:\users\simone\desktop\prova1\questao_4\cg_ufpel.dir\debug\cg_ufpel.tlog\cl.read.1.tlog
c:\users\simone\desktop\prova1\questao_4\cg_ufpel.dir\debug\cg_ufpel.tlog\cl.write.1.tlog
c:\users\simone\desktop\prova1\questao_4\cg_ufpel.dir\debug\cg_ufpel.tlog\custombuild.command.1.tlog
c:\users\simone\desktop\prova1\questao_4\cg_ufpel.dir\debug\cg_ufpel.tlog\custombuild.read.1.tlog
c:\users\simone\desktop\prova1\questao_4\cg_ufpel.dir\debug\cg_ufpel.tlog\custombuild.write.1.tlog
c:\users\simone\desktop\prova1\questao_4\cg_ufpel.dir\debug\cg_ufpel.tlog\link.command.1.tlog
c:\users\simone\desktop\prova1\questao_4\cg_ufpel.dir\debug\cg_ufpel.tlog\link.read.1.tlog
c:\users\simone\desktop\prova1\questao_4\cg_ufpel.dir\debug\cg_ufpel.tlog\link.write.1.tlog
